2024-12-19 01:38:55.771 [info] Extension host with pid 42000 started
2024-12-19 01:38:56.096 [info] ExtensionService#_doActivateExtension vscode.github-authentication, startup: false, activationEvent: 'onAuthenticationRequest:github'
2024-12-19 01:38:56.519 [info] ExtensionService#_doActivateExtension vscode.git-base, startup: true, activationEvent: '*', root cause: vscode.git
2024-12-19 01:38:56.572 [info] ExtensionService#_doActivateExtension vscode.git, startup: true, activationEvent: '*'
2024-12-19 01:38:56.716 [info] ExtensionService#_doActivateExtension vscode.github, startup: true, activationEvent: '*'
2024-12-19 01:38:56.958 [info] Eager extensions activated
2024-12-19 01:38:57.009 [info] ExtensionService#_doActivateExtension vscode.debug-auto-launch, startup: false, activationEvent: 'onStartupFinished'
2024-12-19 01:38:57.014 [info] ExtensionService#_doActivateExtension vscode.merge-conflict, startup: false, activationEvent: 'onStartupFinished'
2024-12-19 01:40:16.356 [info] ExtensionService#_doActivateExtension vscode.microsoft-authentication, startup: false, activationEvent: 'onAuthenticationRequest:microsoft'
2024-12-19 01:40:38.813 [info] Extension host terminating: renderer closed the MessagePort
2024-12-19 01:40:38.833 [info] Extension host with pid 42000 exiting with code 0
2024-12-19 01:40:41.054 [info] Extension host with pid 42279 started
2024-12-19 01:40:41.055 [info] Skipping acquiring lock for /home/py/.config/Code/User/workspaceStorage/d19041fdaa542d68a5f3013c56a27920.
2024-12-19 01:40:41.114 [info] ExtensionService#_doActivateExtension vscode.github-authentication, startup: false, activationEvent: 'onAuthenticationRequest:github'
2024-12-19 01:40:41.318 [info] ExtensionService#_doActivateExtension vscode.git-base, startup: true, activationEvent: '*'
2024-12-19 01:40:41.403 [info] ExtensionService#_doActivateExtension vscode.github, startup: true, activationEvent: '*'
2024-12-19 01:40:41.505 [info] Eager extensions activated
2024-12-19 01:40:41.548 [info] ExtensionService#_doActivateExtension vscode.debug-auto-launch, startup: false, activationEvent: 'onStartupFinished'
2024-12-19 01:40:41.552 [info] ExtensionService#_doActivateExtension vscode.merge-conflict, startup: false, activationEvent: 'onStartupFinished'
2024-12-19 01:40:51.043 [info] ExtensionService#_doActivateExtension vscode.git, startup: false, activationEvent: 'api', root cause: vscode.github
2024-12-19 01:41:08.175 [info] ExtensionService#_doActivateExtension vscode.emmet, startup: false, activationEvent: 'onLanguage'
2024-12-19 01:45:44.915 [info] Extension host terminating: renderer closed the MessagePort
2024-12-19 01:45:44.950 [info] Extension host with pid 42279 exiting with code 0
