2024-12-19 01:38:54.424 [info] Added views:outline in workbench.view.explorer
2024-12-19 01:38:54.424 [info] Added views:workbench.view.search in workbench.view.search
2024-12-19 01:38:54.424 [info] Added views:workbench.scm in workbench.view.scm
2024-12-19 01:38:54.424 [info] Added views:workbench.panel.markers.view in workbench.panel.markers
2024-12-19 01:38:54.424 [info] Added views:workbench.panel.output in workbench.panel.output
2024-12-19 01:38:54.424 [info] Added views:terminal in terminal
2024-12-19 01:38:54.424 [info] Added views:timeline in workbench.view.explorer
2024-12-19 01:38:54.424 [info] Added views:workbench.explorer.emptyView in workbench.view.explorer
2024-12-19 01:38:54.770 [info] Added views:workbench.debug.variablesView,workbench.debug.watchExpressionsView,workbench.debug.callStackView,workbench.debug.breakPointsView in workbench.view.debug
2024-12-19 01:38:55.909 [info] Added views:~remote.forwardedPorts in ~remote.forwardedPortsContainer
2024-12-19 01:38:56.106 [info] Added views:workbench.panel.repl.view in workbench.panel.repl
2024-12-19 01:38:56.107 [info] Removed views:workbench.debug.breakPointsView,workbench.debug.callStackView,workbench.debug.watchExpressionsView,workbench.debug.variablesView from workbench.view.debug
2024-12-19 01:38:56.107 [info] Added views:workbench.debug.welcome in workbench.view.debug
2024-12-19 01:40:39.636 [info] Added views:outline in workbench.view.explorer
2024-12-19 01:40:39.636 [info] Added views:workbench.view.search in workbench.view.search
2024-12-19 01:40:39.636 [info] Added views:workbench.scm in workbench.view.scm
2024-12-19 01:40:39.636 [info] Added views:workbench.panel.markers.view in workbench.panel.markers
2024-12-19 01:40:39.636 [info] Added views:workbench.panel.output in workbench.panel.output
2024-12-19 01:40:39.636 [info] Added views:terminal in terminal
2024-12-19 01:40:39.636 [info] Added views:timeline in workbench.view.explorer
2024-12-19 01:40:39.636 [info] Added views:workbench.explorer.fileView in workbench.view.explorer
2024-12-19 01:40:40.194 [info] Added views:workbench.debug.variablesView,workbench.debug.watchExpressionsView,workbench.debug.callStackView,workbench.debug.breakPointsView in workbench.view.debug
2024-12-19 01:40:40.735 [info] Added views:~remote.forwardedPorts in ~remote.forwardedPortsContainer
2024-12-19 01:40:41.124 [info] Added views:workbench.panel.repl.view in workbench.panel.repl
2024-12-19 01:40:41.124 [info] Removed views:workbench.debug.breakPointsView,workbench.debug.callStackView,workbench.debug.watchExpressionsView,workbench.debug.variablesView from workbench.view.debug
2024-12-19 01:40:41.124 [info] Added views:workbench.debug.welcome in workbench.view.debug
2024-12-19 01:44:29.958 [info] Added views:workbench.views.extensions.installed,workbench.views.extensions.popular,extensions.recommendedList in workbench.view.extensions
2024-12-19 01:44:29.965 [info] Removed views:workbench.views.extensions.popular from workbench.view.extensions
2024-12-19 01:44:30.603 [info] Added views:workbench.views.extensions.popular in workbench.view.extensions
2024-12-19 01:44:45.281 [info] Removed views:extensions.recommendedList,workbench.views.extensions.popular,workbench.views.extensions.installed from workbench.view.extensions
2024-12-19 01:44:45.293 [info] Added views:workbench.views.extensions.marketplace in workbench.view.extensions
2024-12-19 01:44:58.767 [info] Removed views:workbench.views.extensions.marketplace from workbench.view.extensions
2024-12-19 01:44:58.787 [info] Added views:workbench.views.extensions.installed,workbench.views.extensions.popular,extensions.recommendedList in workbench.view.extensions
2024-12-19 01:45:00.021 [info] Removed views:extensions.recommendedList,workbench.views.extensions.popular,workbench.views.extensions.installed from workbench.view.extensions
2024-12-19 01:45:00.035 [info] Added views:workbench.views.extensions.marketplace in workbench.view.extensions
