2024-12-19 01:38:56.558 [info] Reading sessions from keychain...
2024-12-19 01:38:56.558 [info] Getting sessions for all scopes...
2024-12-19 01:38:56.558 [info] Getting sessions for all scopes...
2024-12-19 01:38:56.558 [info] Getting sessions for all scopes...
2024-12-19 01:38:56.558 [info] Getting sessions for all scopes...
2024-12-19 01:38:56.558 [info] Getting sessions for all scopes...
2024-12-19 01:38:56.558 [info] Getting sessions for all scopes...
2024-12-19 01:38:56.558 [info] Getting sessions for all scopes...
2024-12-19 01:38:56.560 [info] Got 0 sessions for ...
2024-12-19 01:38:56.560 [info] Got 0 sessions for ...
2024-12-19 01:38:56.561 [info] Got 0 sessions for ...
2024-12-19 01:38:56.561 [info] Got 0 sessions for ...
2024-12-19 01:38:56.561 [info] Got 0 sessions for ...
2024-12-19 01:38:56.561 [info] Got 0 sessions for ...
2024-12-19 01:38:56.561 [info] Got 0 sessions for ...
2024-12-19 01:38:57.165 [info] Getting sessions for all scopes...
2024-12-19 01:38:57.165 [info] Got 0 sessions for ...
2024-12-19 01:40:16.345 [info] Getting sessions for user:email...
2024-12-19 01:40:16.345 [info] Got 0 sessions for user:email...
2024-12-19 01:40:41.324 [info] Reading sessions from keychain...
2024-12-19 01:40:41.324 [info] Getting sessions for all scopes...
2024-12-19 01:40:41.324 [info] Getting sessions for all scopes...
2024-12-19 01:40:41.324 [info] Getting sessions for all scopes...
2024-12-19 01:40:41.324 [info] Getting sessions for all scopes...
2024-12-19 01:40:41.324 [info] Getting sessions for all scopes...
2024-12-19 01:40:41.324 [info] Getting sessions for all scopes...
2024-12-19 01:40:41.324 [info] Getting sessions for all scopes...
2024-12-19 01:40:41.324 [info] Getting sessions for all scopes...
2024-12-19 01:40:41.328 [info] Got 0 sessions for ...
2024-12-19 01:40:41.328 [info] Got 0 sessions for ...
2024-12-19 01:40:41.328 [info] Got 0 sessions for ...
2024-12-19 01:40:41.328 [info] Got 0 sessions for ...
2024-12-19 01:40:41.328 [info] Got 0 sessions for ...
2024-12-19 01:40:41.328 [info] Got 0 sessions for ...
2024-12-19 01:40:41.328 [info] Got 0 sessions for ...
2024-12-19 01:40:41.328 [info] Got 0 sessions for ...
2024-12-19 01:40:42.300 [info] Getting sessions for all scopes...
2024-12-19 01:40:42.300 [info] Got 0 sessions for ...
